2025-09-29 18:58:49,048 - StreamlitApp - INFO - Logging initialized to logs/app/streamlitapp.log
2025-09-29 18:58:49,051 - StreamlitApp - INFO - Logging initialized to logs/app/streamlitapp.log
2025-09-29 18:59:06,766 - StreamlitApp - INFO - Logging initialized to logs/app/streamlitapp.log
2025-09-29 18:59:17,937 - StreamlitApp - INFO - Started new non-autonomous conversation ID: 1 with profile_id: None
2025-09-29 18:59:50,882 - StreamlitApp - DEBUG - Processed response for conversation 1: I'm here to help, take your time. Could you tell me when this scam happened? Also, did you interact with anyone on a specific platform like Carousell or Shopee during this incident?
2025-09-29 19:04:22,321 - StreamlitApp - INFO - Logging initialized to logs/app/streamlitapp.log
2025-09-29 19:04:28,775 - StreamlitApp - INFO - Logging initialized to logs/app/streamlitapp.log
2025-09-29 19:04:28,949 - StreamlitApp - INFO - Logging initialized to logs/app/streamlitapp.log
2025-09-29 19:04:39,759 - StreamlitApp - INFO - Logging initialized to logs/app/streamlitapp.log
2025-09-29 19:04:47,767 - StreamlitApp - INFO - Started new non-autonomous conversation ID: 1 with profile_id: None
2025-09-29 19:05:28,885 - StreamlitApp - DEBUG - Processed response for conversation 1: I'm really sorry to hear that you're going through this. Let's gather the details together. Could you please tell me how you first came across this issue?
2025-09-29 19:05:38,630 - StreamlitApp - INFO - Logging initialized to logs/app/streamlitapp.log
2025-09-29 19:05:42,766 - StreamlitApp - INFO - Logging initialized to logs/app/streamlitapp.log
2025-09-29 19:05:51,559 - StreamlitApp - INFO - Started new non-autonomous conversation ID: 2 with profile_id: None
2025-09-29 19:06:24,129 - StreamlitApp - DEBUG - Processed response for conversation 2: I'm here to help. Can you tell me when this happened? Also, did you interact with someone through a specific platform or via an email or phone call?
2025-09-29 19:07:24,101 - StreamlitApp - INFO - Logging initialized to logs/app/streamlitapp.log
2025-09-29 19:07:30,324 - StreamlitApp - INFO - Logging initialized to logs/app/streamlitapp.log
2025-09-29 19:07:35,273 - StreamlitApp - INFO - Started new non-autonomous conversation ID: 1 with profile_id: None
2025-09-29 19:07:56,203 - StreamlitApp - DEBUG - Processed response for conversation 1: Of course, I'm here to assist you. Could you please tell me when this scam incident occurred? For example, 'It happened on February 22, 2025.'
2025-09-29 19:08:11,470 - StreamlitApp - INFO - Logging initialized to logs/app/streamlitapp.log
2025-09-29 19:08:15,278 - StreamlitApp - INFO - Logging initialized to logs/app/streamlitapp.log
2025-09-29 19:08:17,483 - StreamlitApp - INFO - Logging initialized to logs/app/streamlitapp.log
2025-09-29 19:08:17,678 - StreamlitApp - INFO - Logging initialized to logs/app/streamlitapp.log
2025-09-29 19:08:22,839 - StreamlitApp - INFO - Logging initialized to logs/app/streamlitapp.log
2025-09-29 19:08:26,855 - StreamlitApp - INFO - Started new non-autonomous conversation ID: 2 with profile_id: None
2025-09-29 19:09:11,807 - StreamlitApp - DEBUG - Processed response for conversation 2: I'm sorry to hear about your experience. Could you please tell me more about who contacted you and what platform they used?
2025-09-29 19:14:42,714 - StreamlitApp - INFO - Logging initialized to logs/app/streamlitapp.log
2025-09-29 19:14:48,499 - StreamlitApp - INFO - Logging initialized to logs/app/streamlitapp.log
2025-09-29 19:14:56,434 - StreamlitApp - INFO - Started new non-autonomous conversation ID: 1 with profile_id: None
2025-09-29 19:15:29,360 - StreamlitApp - DEBUG - Processed response for conversation 1: I'm here to help, take your time. Can you tell me when this happened? Also, did you interact with someone on a specific platform like Carousell or Facebook?
2025-09-29 19:15:34,899 - StreamlitApp - INFO - Logging initialized to logs/app/streamlitapp.log
2025-09-29 19:15:37,548 - StreamlitApp - INFO - Logging initialized to logs/app/streamlitapp.log
2025-09-29 19:15:39,172 - StreamlitApp - INFO - Logging initialized to logs/app/streamlitapp.log
2025-09-29 19:15:41,202 - StreamlitApp - INFO - Logging initialized to logs/app/streamlitapp.log
2025-09-29 19:15:41,211 - StreamlitApp - INFO - Updated evaluation in CSV for conversation 1, message index 1
2025-09-29 19:16:24,396 - StreamlitApp - INFO - Logging initialized to logs/app/streamlitapp.log
2025-09-29 19:16:27,488 - StreamlitApp - INFO - Logging initialized to logs/app/streamlitapp.log
2025-09-29 19:16:27,669 - StreamlitApp - INFO - Logging initialized to logs/app/streamlitapp.log
2025-09-29 19:16:30,202 - StreamlitApp - INFO - Logging initialized to logs/app/streamlitapp.log
2025-09-29 19:16:34,379 - StreamlitApp - INFO - Started new non-autonomous conversation ID: 1 with profile_id: None
2025-09-29 19:17:06,243 - StreamlitApp - DEBUG - Processed response for conversation 1: I'm here to assist you. Could you please provide more details about what happened? When did this incident occur?
2025-09-29 19:17:11,076 - StreamlitApp - INFO - Logging initialized to logs/app/streamlitapp.log
2025-09-29 19:17:13,771 - StreamlitApp - INFO - Logging initialized to logs/app/streamlitapp.log
2025-09-29 19:17:14,967 - StreamlitApp - INFO - Logging initialized to logs/app/streamlitapp.log
2025-09-29 19:17:14,975 - StreamlitApp - INFO - Updated evaluation in CSV for conversation 1, message index 1
